
***************Start Training***************
epoch = 0
     avg_epoch_train_loss= 0.40627677329615053
     avg_epoch_val_loss= 0.3609644135362224
     avg_epoch_acc= 0.8341770210154932
     val_acc= 0.8600754084625052
     learning_rate= 1.9980267284282718e-05
Best model saved/updated.
epoch = 1
     avg_epoch_train_loss= 0.3018641306294335
     avg_epoch_val_loss= 0.3277187837581885
     avg_epoch_acc= 0.88970701027765
     val_acc= 0.8780896522832007
     learning_rate= 1.9921147013144782e-05
Best model saved/updated.
epoch = 2
     avg_epoch_train_loss= 0.28125863079152075
     avg_epoch_val_loss= 0.3162253216693276
     avg_epoch_acc= 0.8995244669427827
     val_acc= 0.8831168831168831
     learning_rate= 1.982287250728689e-05
Best model saved/updated.
epoch = 3
     avg_epoch_train_loss= 0.2690410239049812
     avg_epoch_val_loss= 0.3144267260244018
     avg_epoch_acc= 0.9042286649281587
     val_acc= 0.8860494344365312
     learning_rate= 1.9685831611286312e-05
Best model saved/updated.
epoch = 4
     avg_epoch_train_loss= 0.26195255472184786
     avg_epoch_val_loss= 0.3149948222072501
     avg_epoch_acc= 0.907859078590786
     val_acc= 0.8831168831168831
     learning_rate= 1.9510565162951538e-05
epoch = 5
     avg_epoch_train_loss= 0.25518982460588413
     avg_epoch_val_loss= 0.3149323020326464
     avg_epoch_acc= 0.9105691056910569
     val_acc= 0.8814411395056556
     learning_rate= 1.9297764858882516e-05
epoch = 6
     avg_epoch_train_loss= 0.24815886146297642
     avg_epoch_val_loss= 0.3136613200369634
     avg_epoch_acc= 0.914097254180089
     val_acc= 0.8814411395056556
     learning_rate= 1.9048270524660197e-05
Best model saved/updated.
epoch = 7
     avg_epoch_train_loss= 0.2426266118494514
     avg_epoch_val_loss= 0.3127628458957923
     avg_epoch_acc= 0.9158357621312062
     val_acc= 0.8839547549224969
     learning_rate= 1.8763066800438638e-05
Best model saved/updated.
epoch = 8
     avg_epoch_train_loss= 0.23471823860617244
     avg_epoch_val_loss= 0.30972991962181895
     avg_epoch_acc= 0.9200797668354042
     val_acc= 0.8885630498533724
     learning_rate= 1.8443279255020153e-05
Best model saved/updated.
epoch = 9
     avg_epoch_train_loss= 0.2257021868394481
     avg_epoch_val_loss= 0.3095663778091732
     avg_epoch_acc= 0.9236590479112339
     val_acc= 0.8881441139505656
     learning_rate= 1.8090169943749477e-05
Best model saved/updated.
epoch = 10
     avg_epoch_train_loss= 0.2154856784865747
     avg_epoch_val_loss= 0.31020539371590866
     avg_epoch_acc= 0.9293347650457636
     val_acc= 0.8902387934645999
     learning_rate= 1.7705132427757895e-05
epoch = 11
     avg_epoch_train_loss= 0.20527820970887453
     avg_epoch_val_loss= 0.30787360668182373
     avg_epoch_acc= 0.9340389630311398
     val_acc= 0.8894009216589862
     learning_rate= 1.7289686274214116e-05
Best model saved/updated.
epoch = 12
     avg_epoch_train_loss= 0.19376714060119554
     avg_epoch_val_loss= 0.309133117920474
     avg_epoch_acc= 0.940839597075216
     val_acc= 0.8906577293674068
     learning_rate= 1.684547105928689e-05
epoch = 13
     avg_epoch_train_loss= 0.18274032008024602
     avg_epoch_val_loss= 0.30717778460759865
     avg_epoch_acc= 0.9445722759114383
     val_acc= 0.889819857561793
     learning_rate= 1.63742398974869e-05
Best model saved/updated.
epoch = 14
     avg_epoch_train_loss= 0.16903296346757926
     avg_epoch_val_loss= 0.3077075795123452
     avg_epoch_acc= 0.9542363348161783
     val_acc= 0.8956849602010892
     learning_rate= 1.5877852522924733e-05
epoch = 15
     avg_epoch_train_loss= 0.15547610687858918
     avg_epoch_val_loss= 0.31151882794342545
     avg_epoch_acc= 0.9599120519507082
     val_acc= 0.8919145370758274
     learning_rate= 1.5358267949789968e-05
epoch = 16
     avg_epoch_train_loss= 0.1446550281754896
     avg_epoch_val_loss= 0.3146995596195522
     avg_epoch_acc= 0.9650253106304648
     val_acc= 0.8927524088814411
     learning_rate= 1.4817536741017153e-05
epoch = 17
     avg_epoch_train_loss= 0.13222647533794635
     avg_epoch_val_loss= 0.31727962274300425
     avg_epoch_acc= 0.9721327401953265
     val_acc= 0.8906577293674068
     learning_rate= 1.4257792915650728e-05
epoch = 18
     avg_epoch_train_loss= 0.12132131805022557
     avg_epoch_val_loss= 0.3188658223340386
     avg_epoch_acc= 0.9772459988750831
     val_acc= 0.8935902806870549
     learning_rate= 1.3681245526846782e-05
epoch = 19
     avg_epoch_train_loss= 0.11043851805570858
     avg_epoch_val_loss= 0.33012907363866506
     avg_epoch_acc= 0.9827683182492202
     val_acc= 0.8914956011730205
     learning_rate= 1.3090169943749475e-05
epoch = 20
     avg_epoch_train_loss= 0.10126230972849466
     avg_epoch_val_loss= 0.3366653621196747
     avg_epoch_acc= 0.9866032622590377
     val_acc= 0.8944281524926686
     learning_rate= 1.2486898871648552e-05
epoch = 21
     avg_epoch_train_loss= 0.09280247214475489
     avg_epoch_val_loss= 0.34518231137802724
     avg_epoch_acc= 0.9908472669632357
     val_acc= 0.8927524088814411
     learning_rate= 1.187381314585725e-05
Early stopping with best_train_acc: 0.9908472669632357 and best_val_acc: 0.8927524088814411
Training completed in 0.54 hours
***************Start testing***************
     loading model
     model size: 153.39M
acc:90.73%, p:88.81%, r:88.44%, f1:88.62%
m_p:90.43%, m_r:90.37%, m_f1:90.40%